2024-03-26 06:17:24.643 - [main] - [,]-50-[com.gizasystems.usermanagement.UserManagementApplication.logStarting] - Starting UserManagementApplication using Java 17.0.8 with PID 11836 (C:\Users\ahmed.abdelmaksoud\IdeaProjects\css-demo\microservices\user-management\target\classes started by ahmed.abdelmaksoud in C:\Users\ahmed.abdelmaksoud\IdeaProjects\css-demo)
2024-03-26 06:17:24.646 - [main] - [,]-660-[com.gizasystems.usermanagement.UserManagementApplication.logStartupProfileInfo] - The following 1 profile is active: "local"
2024-03-26 06:17:30.170 - [main] - [,]-56-[com.gizasystems.usermanagement.UserManagementApplication.logStarted] - Started UserManagementApplication in 8.626 seconds (process running for 9.259)
2024-03-26 06:18:46.780 - [reactor-http-nio-3] - [,]-42-[com.gizasystems.usermanagement.service.UserService.createUser] - Called createUser(). Username English: Ahmed 2, Username Arabic: احمد عاطف
2024-03-26 06:18:49.472 - [vert.x-eventloop-thread-1] - [,]-19-[com.gizasystems.usermanagement.infrastructure.MessageSender.sendMessage] - Published a message to atef.css.user
2024-03-26 06:19:12.233 - [reactor-http-nio-3] - [,]-71-[com.gizasystems.usermanagement.service.UserService.update] - Updating user id 69. Target field: usernameEn.
2024-03-26 06:19:16.903 - [reactor-http-nio-3] - [,]-54-[com.gizasystems.usermanagement.service.UserService.findAll] - Called findAll()
2024-03-26 06:19:22.035 - [reactor-http-nio-3] - [,]-59-[com.gizasystems.usermanagement.service.UserService.findById] - Called findById. ID: 69
2024-03-26 14:15:05.302 - [main] - [,]-50-[com.gizasystems.usermanagement.UserManagementApplication.logStarting] - Starting UserManagementApplication using Java 17.0.8 with PID 11516 (C:\Users\ahmed.abdelmaksoud\IdeaProjects\css-demo\microservices\user-management\target\classes started by ahmed.abdelmaksoud in C:\Users\ahmed.abdelmaksoud\IdeaProjects\css-demo)
2024-03-26 14:15:05.309 - [main] - [,]-660-[com.gizasystems.usermanagement.UserManagementApplication.logStartupProfileInfo] - The following 1 profile is active: "@current.environment@"
2024-03-26 14:16:18.033 - [main] - [,]-50-[com.gizasystems.usermanagement.UserManagementApplication.logStarting] - Starting UserManagementApplication using Java 17.0.8 with PID 17884 (C:\Users\ahmed.abdelmaksoud\IdeaProjects\css-demo\microservices\user-management\target\classes started by ahmed.abdelmaksoud in C:\Users\ahmed.abdelmaksoud\IdeaProjects\css-demo)
2024-03-26 14:16:18.036 - [main] - [,]-660-[com.gizasystems.usermanagement.UserManagementApplication.logStartupProfileInfo] - The following 1 profile is active: "@current.environment@"
2024-03-26 14:16:23.217 - [main] - [,]-56-[com.gizasystems.usermanagement.UserManagementApplication.logStarted] - Started UserManagementApplication in 8.167 seconds (process running for 8.607)
2024-03-26 14:17:03.323 - [reactor-http-nio-3] - [,]-56-[com.gizasystems.usermanagement.service.UserService.findAll] - Called findAll()
2024-03-26 14:17:20.673 - [reactor-http-nio-3] - [,]-56-[com.gizasystems.usermanagement.service.UserService.findAll] - Called findAll()
2024-03-26 14:19:28.345 - [main] - [,]-50-[com.gizasystems.usermanagement.UserManagementApplication.logStarting] - Starting UserManagementApplication using Java 17.0.8 with PID 6620 (C:\Users\ahmed.abdelmaksoud\IdeaProjects\css-demo\microservices\user-management\target\classes started by ahmed.abdelmaksoud in C:\Users\ahmed.abdelmaksoud\IdeaProjects\css-demo)
2024-03-26 14:19:28.347 - [main] - [,]-660-[com.gizasystems.usermanagement.UserManagementApplication.logStartupProfileInfo] - The following 1 profile is active: "@current.environment@"
2024-03-26 14:19:33.773 - [main] - [,]-56-[com.gizasystems.usermanagement.UserManagementApplication.logStarted] - Started UserManagementApplication in 8.593 seconds (process running for 9.078)
2024-03-26 14:19:50.205 - [reactor-http-nio-3] - [,]-56-[com.gizasystems.usermanagement.service.UserService.findAll] - Called findAll()
2024-03-26 14:21:21.058 - [main] - [,]-50-[com.gizasystems.usermanagement.UserManagementApplication.logStarting] - Starting UserManagementApplication using Java 17.0.8 with PID 9464 (C:\Users\ahmed.abdelmaksoud\IdeaProjects\css-demo\microservices\user-management\target\classes started by ahmed.abdelmaksoud in C:\Users\ahmed.abdelmaksoud\IdeaProjects\css-demo)
2024-03-26 14:21:21.059 - [main] - [,]-660-[com.gizasystems.usermanagement.UserManagementApplication.logStartupProfileInfo] - The following 1 profile is active: "@current.environment@"
2024-03-26 14:21:28.845 - [main] - [,]-56-[com.gizasystems.usermanagement.UserManagementApplication.logStarted] - Started UserManagementApplication in 11.835 seconds (process running for 13.497)
2024-03-26 14:21:32.779 - [reactor-http-nio-3] - [,]-56-[com.gizasystems.usermanagement.service.UserService.findAll] - Called findAll()
2024-03-26 14:21:39.390 - [reactor-http-nio-3] - [,]-56-[com.gizasystems.usermanagement.service.UserService.findAll] - Called findAll()
2024-03-26 14:22:47.443 - [main] - [,]-50-[com.gizasystems.usermanagement.UserManagementApplication.logStarting] - Starting UserManagementApplication using Java 17.0.8 with PID 9452 (C:\Users\ahmed.abdelmaksoud\IdeaProjects\css-demo\microservices\user-management\target\classes started by ahmed.abdelmaksoud in C:\Users\ahmed.abdelmaksoud\IdeaProjects\css-demo)
2024-03-26 14:22:47.447 - [main] - [,]-660-[com.gizasystems.usermanagement.UserManagementApplication.logStartupProfileInfo] - The following 1 profile is active: "@current.environment@"
2024-03-26 14:22:58.118 - [main] - [,]-56-[com.gizasystems.usermanagement.UserManagementApplication.logStarted] - Started UserManagementApplication in 14.72 seconds (process running for 16.061)
2024-03-26 14:23:14.740 - [reactor-http-nio-3] - [,]-56-[com.gizasystems.usermanagement.service.UserService.findAll] - Called findAll()
2024-03-26 14:23:23.469 - [reactor-http-nio-3] - [,]-56-[com.gizasystems.usermanagement.service.UserService.findAll] - Called findAll()
2024-03-26 14:33:54.459 - [main] - [,]-50-[com.gizasystems.usermanagement.UserManagementApplication.logStarting] - Starting UserManagementApplication using Java 17.0.8 with PID 17332 (C:\Users\ahmed.abdelmaksoud\IdeaProjects\css-demo\microservices\user-management\target\classes started by ahmed.abdelmaksoud in C:\Users\ahmed.abdelmaksoud\IdeaProjects\css-demo)
2024-03-26 14:33:54.462 - [main] - [,]-660-[com.gizasystems.usermanagement.UserManagementApplication.logStartupProfileInfo] - The following 1 profile is active: "@current.environment@"
2024-03-26 14:34:01.917 - [main] - [,]-56-[com.gizasystems.usermanagement.UserManagementApplication.logStarted] - Started UserManagementApplication in 10.953 seconds (process running for 12.342)
2024-03-26 14:34:06.512 - [reactor-http-nio-3] - [,]-56-[com.gizasystems.usermanagement.service.UserService.findAll] - Called findAll()
2024-03-26 14:37:54.625 - [main] - [,]-50-[com.gizasystems.usermanagement.UserManagementApplication.logStarting] - Starting UserManagementApplication using Java 17.0.8 with PID 15316 (C:\Users\ahmed.abdelmaksoud\IdeaProjects\css-demo\microservices\user-management\target\classes started by ahmed.abdelmaksoud in C:\Users\ahmed.abdelmaksoud\IdeaProjects\css-demo)
2024-03-26 14:37:54.630 - [main] - [,]-660-[com.gizasystems.usermanagement.UserManagementApplication.logStartupProfileInfo] - The following 1 profile is active: "@current.environment@"
2024-03-26 14:38:04.873 - [main] - [,]-56-[com.gizasystems.usermanagement.UserManagementApplication.logStarted] - Started UserManagementApplication in 14.355 seconds (process running for 16.233)
2024-03-26 14:38:54.310 - [reactor-http-nio-3] - [,]-56-[com.gizasystems.usermanagement.service.UserService.findAll] - Called findAll()
2024-03-26 14:39:12.902 - [reactor-http-nio-3] - [,]-56-[com.gizasystems.usermanagement.service.UserService.findAll] - Called findAll()
2024-03-26 14:39:48.037 - [main] - [,]-50-[com.gizasystems.usermanagement.UserManagementApplication.logStarting] - Starting UserManagementApplication using Java 17.0.8 with PID 5236 (C:\Users\ahmed.abdelmaksoud\IdeaProjects\css-demo\microservices\user-management\target\classes started by ahmed.abdelmaksoud in C:\Users\ahmed.abdelmaksoud\IdeaProjects\css-demo)
2024-03-26 14:39:48.041 - [main] - [,]-660-[com.gizasystems.usermanagement.UserManagementApplication.logStartupProfileInfo] - The following 1 profile is active: "@current.environment@"
2024-03-26 14:39:56.492 - [main] - [,]-56-[com.gizasystems.usermanagement.UserManagementApplication.logStarted] - Started UserManagementApplication in 12.328 seconds (process running for 13.949)
2024-03-26 14:40:28.110 - [reactor-http-nio-3] - [,]-56-[com.gizasystems.usermanagement.service.UserService.findAll] - Called findAll()
2024-03-26 14:43:32.316 - [main] - [,]-50-[com.gizasystems.usermanagement.UserManagementApplication.logStarting] - Starting UserManagementApplication using Java 17.0.8 with PID 20288 (C:\Users\ahmed.abdelmaksoud\IdeaProjects\css-demo\microservices\user-management\target\classes started by ahmed.abdelmaksoud in C:\Users\ahmed.abdelmaksoud\IdeaProjects\css-demo)
2024-03-26 14:43:32.318 - [main] - [,]-660-[com.gizasystems.usermanagement.UserManagementApplication.logStartupProfileInfo] - The following 1 profile is active: "@current.environment@"
2024-03-26 14:43:42.423 - [main] - [,]-56-[com.gizasystems.usermanagement.UserManagementApplication.logStarted] - Started UserManagementApplication in 13.79 seconds (process running for 15.361)
2024-03-26 14:43:44.211 - [reactor-http-nio-3] - [,]-56-[com.gizasystems.usermanagement.service.UserService.findAll] - Called findAll()
2024-03-26 14:49:47.937 - [main] - [,]-50-[com.gizasystems.usermanagement.UserManagementApplication.logStarting] - Starting UserManagementApplication using Java 17.0.8 with PID 5828 (C:\Users\ahmed.abdelmaksoud\IdeaProjects\css-demo\microservices\user-management\target\classes started by ahmed.abdelmaksoud in C:\Users\ahmed.abdelmaksoud\IdeaProjects\css-demo)
2024-03-26 14:49:47.943 - [main] - [,]-660-[com.gizasystems.usermanagement.UserManagementApplication.logStartupProfileInfo] - The following 1 profile is active: "@current.environment@"
2024-03-26 14:49:57.810 - [main] - [,]-56-[com.gizasystems.usermanagement.UserManagementApplication.logStarted] - Started UserManagementApplication in 14.164 seconds (process running for 15.886)
2024-03-26 14:50:43.778 - [main] - [,]-50-[com.gizasystems.usermanagement.UserManagementApplication.logStarting] - Starting UserManagementApplication using Java 17.0.8 with PID 15260 (C:\Users\ahmed.abdelmaksoud\IdeaProjects\css-demo\microservices\user-management\target\classes started by ahmed.abdelmaksoud in C:\Users\ahmed.abdelmaksoud\IdeaProjects\css-demo)
2024-03-26 14:50:43.782 - [main] - [,]-660-[com.gizasystems.usermanagement.UserManagementApplication.logStartupProfileInfo] - The following 1 profile is active: "@current.environment@"
2024-03-26 14:50:50.979 - [main] - [,]-56-[com.gizasystems.usermanagement.UserManagementApplication.logStarted] - Started UserManagementApplication in 10.95 seconds (process running for 12.15)
2024-03-26 14:50:59.726 - [reactor-http-nio-3] - [,]-56-[com.gizasystems.usermanagement.service.UserService.findAll] - Called findAll()
2024-03-26 14:51:17.342 - [reactor-http-nio-3] - [,]-56-[com.gizasystems.usermanagement.service.UserService.findAll] - Called findAll()
